#
# There is insufficient memory for the Java Runtime Environment to continue.
# Native memory allocation (malloc) failed to allocate 1048576 bytes for AllocateHeap
# Possible reasons:
#   The system is out of physical RAM or swap space
#   The process is running with CompressedOops enabled, and the Java Heap may be blocking the growth of the native heap
# Possible solutions:
#   Reduce memory load on the system
#   Increase physical memory or swap space
#   Check if swap backing store is full
#   Decrease Java heap size (-Xmx/-Xms)
#   Decrease number of Java threads
#   Decrease Java thread stack sizes (-Xss)
#   Set larger code cache with -XX:ReservedCodeCacheSize=
#   JVM is running with Unscaled Compressed Oops mode in which the Java heap is
#     placed in the first 4GB address space. The Java Heap base address is the
#     maximum limit for the native heap growth. Please use -XX:HeapBaseMinAddress
#     to set the Java Heap base and to place the Java Heap above 4GB virtual address.
# This output file may be truncated or incomplete.
#
#  Out of Memory Error (./open/src/hotspot/share/memory/allocation.cpp:44), pid=9332, tid=11004
#
# JRE version:  (14.0.2+12) (build )
# Java VM: Java HotSpot(TM) 64-Bit Server VM (14.0.2+12-46, mixed mode, sharing, tiered, compressed oops, g1 gc, windows-amd64)
# No core dump will be written. Minidumps are not enabled by default on client versions of Windows
#

---------------  S U M M A R Y ------------

Command Line: -Dapplication.home=C:\Program Files\Java\jdk-14.0.2 --add-modules=ALL-DEFAULT -Xms8m -Djdk.module.main=jdk.compiler jdk.compiler/com.sun.tools.javac.Main -d C:\Users\ESTEBAN\Documents\NetBeansProjects\Guia3\build\classes -classpath C:\Users\ESTEBAN\Documents\NetBeansProjects\Guia3\build\classes -sourcepath C:\Users\ESTEBAN\Documents\NetBeansProjects\Guia3\src -target 14 -encoding UTF-8 -g -processorpath C:\Users\ESTEBAN\Documents\NetBeansProjects\Guia3\build\empty -s C:\Users\ESTEBAN\Documents\NetBeansProjects\Guia3\build\generated-sources\ap-source-output -source 14 C:\Users\ESTEBAN\Documents\NetBeansProjects\Guia3\src\guia3\Supermercado.java

Host: Intel(R) Core(TM) i7-8550U CPU @ 1.80GHz, 8 cores, 7G,  Windows 10 , 64 bit Build 18362 (10.0.18362.959)
Time: Sun Aug 30 18:08:45 2020 Hora est. Pacífico, Sudamérica elapsed time: 0 seconds (0d 0h 0m 0s)

---------------  T H R E A D  ---------------

Current thread (0x00000142331ec800):  JavaThread "Unknown thread" [_thread_in_vm, id=11004, stack(0x00000036c3600000,0x00000036c3700000)]

Stack: [0x00000036c3600000,0x00000036c3700000]
Native frames: (J=compiled Java code, j=interpreted, Vv=VM code, C=native code)
V  [jvm.dll+0x5f8a9a]
V  [jvm.dll+0x74247a]
V  [jvm.dll+0x743c2f]
V  [jvm.dll+0x744273]
V  [jvm.dll+0x20d288]
V  [jvm.dll+0xa2b2f]
V  [jvm.dll+0x29c03d]
V  [jvm.dll+0x71fd38]
V  [jvm.dll+0x321c14]
V  [jvm.dll+0x70112c]
V  [jvm.dll+0x392def]
V  [jvm.dll+0x394e61]
C  [jli.dll+0x524b]
C  [ucrtbase.dll+0x20e82]
C  [KERNEL32.DLL+0x17bd4]
C  [ntdll.dll+0x6ce51]


---------------  P R O C E S S  ---------------

Threads class SMR info:
_java_thread_list=0x00007ff89f273038, length=0, elements={
}

Java Threads: ( => current thread )

Other Threads:

[error occurred during error reporting (printing all threads), id 0xc0000005, EXCEPTION_ACCESS_VIOLATION (0xc0000005) at pc=0x00007ff89eef6427]

VM state:not at safepoint (not fully initialized)

VM Mutex/Monitor currently owned by a thread: None

Heap address: 0x0000000000000000, size: 0 MB, Compressed Oops mode: 32-bit
Narrow klass base: 0x0000000000000000, Narrow klass shift: 0

GC Heap History (0 events):
No events

Deoptimization events (0 events):
No events

Classes unloaded (0 events):
No events

Classes redefined (0 events):
No events

Internal exceptions (0 events):
No events

Events (2 events):
Event: 0.006 Loaded shared library C:\Program Files\Java\jdk-14.0.2\bin\java.dll
Event: 0.006 Loaded shared library C:\Program Files\Java\jdk-14.0.2\bin\zip.dll


Dynamic libraries:
0x00007ff6f47b0000 - 0x00007ff6f47b7000 	C:\Program Files\Java\jdk-14.0.2\bin\javac.exe
0x00007ff8f12c0000 - 0x00007ff8f14b0000 	C:\WINDOWS\SYSTEM32\ntdll.dll
0x00007ff8f0810000 - 0x00007ff8f08c2000 	C:\WINDOWS\System32\KERNEL32.DLL
0x00007ff8ee2c0000 - 0x00007ff8ee564000 	C:\WINDOWS\System32\KERNELBASE.dll
0x00007ff8ee7f0000 - 0x00007ff8ee8ea000 	C:\WINDOWS\System32\ucrtbase.dll
0x00007ff8e6c30000 - 0x00007ff8e6c45000 	C:\Program Files\Java\jdk-14.0.2\bin\VCRUNTIME140.dll
0x00007ff8e6c50000 - 0x00007ff8e6c68000 	C:\Program Files\Java\jdk-14.0.2\bin\jli.dll
0x00007ff8f0940000 - 0x00007ff8f09e3000 	C:\WINDOWS\System32\ADVAPI32.dll
0x00007ff8ef440000 - 0x00007ff8ef4de000 	C:\WINDOWS\System32\msvcrt.dll
0x00007ff8f11e0000 - 0x00007ff8f1277000 	C:\WINDOWS\System32\sechost.dll
0x00007ff8f1060000 - 0x00007ff8f1180000 	C:\WINDOWS\System32\RPCRT4.dll
0x00007ff8ef7d0000 - 0x00007ff8ef965000 	C:\WINDOWS\System32\USER32.dll
0x00007ff8ee290000 - 0x00007ff8ee2b1000 	C:\WINDOWS\System32\win32u.dll
0x00007ff8e3c70000 - 0x00007ff8e3ef4000 	C:\WINDOWS\WinSxS\amd64_microsoft.windows.common-controls_6595b64144ccf1df_6.0.18362.1016_none_9e7a36bbe461dae4\COMCTL32.dll
0x00007ff8ef5f0000 - 0x00007ff8ef616000 	C:\WINDOWS\System32\GDI32.dll
0x00007ff8ef970000 - 0x00007ff8efca5000 	C:\WINDOWS\System32\combase.dll
0x00007ff8ee8f0000 - 0x00007ff8eea86000 	C:\WINDOWS\System32\gdi32full.dll
0x00007ff8eeab0000 - 0x00007ff8eeb30000 	C:\WINDOWS\System32\bcryptPrimitives.dll
0x00007ff8ee5d0000 - 0x00007ff8ee66e000 	C:\WINDOWS\System32\msvcp_win.dll
0x00007ff8e54a0000 - 0x00007ff8e54aa000 	C:\WINDOWS\SYSTEM32\VERSION.dll
0x00007ff8ef5c0000 - 0x00007ff8ef5ee000 	C:\WINDOWS\System32\IMM32.DLL
0x00007ff8b9b90000 - 0x00007ff8b9c2b000 	C:\Program Files\Java\jdk-14.0.2\bin\msvcp140.dll
0x00007ff89e7f0000 - 0x00007ff89f30e000 	C:\Program Files\Java\jdk-14.0.2\bin\server\jvm.dll
0x00007ff8ef5a0000 - 0x00007ff8ef5a8000 	C:\WINDOWS\System32\PSAPI.DLL
0x00007ff8df420000 - 0x00007ff8df429000 	C:\WINDOWS\SYSTEM32\WSOCK32.dll
0x00007ff8e41f0000 - 0x00007ff8e4214000 	C:\WINDOWS\SYSTEM32\WINMM.dll
0x00007ff8f08d0000 - 0x00007ff8f093f000 	C:\WINDOWS\System32\WS2_32.dll
0x00007ff8e3fa0000 - 0x00007ff8e3fcd000 	C:\WINDOWS\SYSTEM32\winmmbase.dll
0x00007ff8ee240000 - 0x00007ff8ee28a000 	C:\WINDOWS\System32\cfgmgr32.dll
0x00007ff8ee1f0000 - 0x00007ff8ee201000 	C:\WINDOWS\System32\kernel.appcore.dll
0x00007ff8e3180000 - 0x00007ff8e318a000 	C:\Program Files\Java\jdk-14.0.2\bin\jimage.dll
0x00007ff8eca70000 - 0x00007ff8ecc64000 	C:\WINDOWS\SYSTEM32\DBGHELP.DLL
0x00007ff8e4f90000 - 0x00007ff8e4fba000 	C:\WINDOWS\SYSTEM32\dbgcore.DLL
0x00007ff8d0f60000 - 0x00007ff8d0f85000 	C:\Program Files\Java\jdk-14.0.2\bin\java.dll
0x00007ff8d97a0000 - 0x00007ff8d97b6000 	C:\Program Files\Java\jdk-14.0.2\bin\zip.dll

dbghelp: loaded successfully - version: 4.0.5 - missing functions: none
symbol engine: initialized successfully - sym options: 0x614 - pdb path: .;C:\Program Files\Java\jdk-14.0.2\bin;C:\WINDOWS\SYSTEM32;C:\WINDOWS\WinSxS\amd64_microsoft.windows.common-controls_6595b64144ccf1df_6.0.18362.1016_none_9e7a36bbe461dae4;C:\Program Files\Java\jdk-14.0.2\bin\server

VM Arguments:
jvm_args: -Dapplication.home=C:\Program Files\Java\jdk-14.0.2 --add-modules=ALL-DEFAULT -Xms8m -Djdk.module.main=jdk.compiler 
java_command: jdk.compiler/com.sun.tools.javac.Main -d C:\Users\ESTEBAN\Documents\NetBeansProjects\Guia3\build\classes -classpath C:\Users\ESTEBAN\Documents\NetBeansProjects\Guia3\build\classes -sourcepath C:\Users\ESTEBAN\Documents\NetBeansProjects\Guia3\src -target 14 -encoding UTF-8 -g -processorpath C:\Users\ESTEBAN\Documents\NetBeansProjects\Guia3\build\empty -s C:\Users\ESTEBAN\Documents\NetBeansProjects\Guia3\build\generated-sources\ap-source-output -source 14 C:\Users\ESTEBAN\Documents\NetBeansProjects\Guia3\src\guia3\Supermercado.java
java_class_path (initial): <not set>
Launcher Type: SUN_STANDARD

[Global flags]
     intx CICompilerCount                          = 4                                         {product} {ergonomic}
     uint G1ConcRefinementThreads                  = 8                                         {product} {ergonomic}
   size_t G1HeapRegionSize                         = 1048576                                   {product} {ergonomic}
    uintx GCDrainStackTargetSize                   = 64                                        {product} {ergonomic}
   size_t InitialHeapSize                          = 8388608                                   {product} {command line}
   size_t MaxHeapSize                              = 2122317824                                {product} {ergonomic}
   size_t MinHeapDeltaBytes                        = 1048576                                   {product} {ergonomic}
   size_t MinHeapSize                              = 8388608                                   {product} {command line}
    uintx NonNMethodCodeHeapSize                   = 5839372                                {pd product} {ergonomic}
    uintx NonProfiledCodeHeapSize                  = 122909434                              {pd product} {ergonomic}
    uintx ProfiledCodeHeapSize                     = 122909434                              {pd product} {ergonomic}
    uintx ReservedCodeCacheSize                    = 251658240                              {pd product} {ergonomic}
     bool SegmentedCodeCache                       = true                                      {product} {ergonomic}
   size_t SoftMaxHeapSize                          = 2122317824                             {manageable} {ergonomic}
     bool UseCompressedClassPointers               = true                                 {lp64_product} {ergonomic}
     bool UseCompressedOops                        = true                                 {lp64_product} {ergonomic}
     bool UseG1GC                                  = true                                      {product} {ergonomic}
     bool UseLargePagesIndividualAllocation        = false                                  {pd product} {ergonomic}

Logging:
Log output configuration:
 #0: stdout all=warning uptime,level,tags
 #1: stderr all=off uptime,level,tags

Environment Variables:
PATH=C:\WINDOWS\system32;C:\WINDOWS;C:\WINDOWS\System32\Wbem;C:\WINDOWS\System32\WindowsPowerShell\v1.0\;C:\Program Files (x86)\Intel\Intel(R) Management Engine Components\DAL;C:\Program Files\Intel\Intel(R) Management Engine Components\DAL;C:\WINDOWS\System32\OpenSSH\;C:\Users\ESTEBAN\AppData\Local\Microsoft\WindowsApps;
USERNAME=ESTEBAN
OS=Windows_NT
PROCESSOR_IDENTIFIER=Intel64 Family 6 Model 142 Stepping 10, GenuineIntel



---------------  S Y S T E M  ---------------

OS: Windows 10 , 64 bit Build 18362 (10.0.18362.959)
OS uptime: 0 days 11:16 hours

CPU:total 8 (initial active 8) (4 cores per cpu, 2 threads per core) family 6 model 142 stepping 10, cmov, cx8, fxsr, mmx, sse, sse2, sse3, ssse3, sse4.1, sse4.2, popcnt, avx, avx2, aes, clmul, erms, 3dnowpref, lzcnt, ht, tsc, tscinvbit, bmi1, bmi2, adx, fma

Memory: 4k page, system-wide physical 8089M (1897M free)
TotalPageFile size 8089M (AvailPageFile size 6M)
current process WorkingSet (physical memory assigned to process): 9M, peak: 9M
current process commit charge ("private bytes"): 13M, peak: 14M

vm_info: Java HotSpot(TM) 64-Bit Server VM (14.0.2+12-46) for windows-amd64 JRE (14.0.2+12-46), built on Jul  9 2020 00:35:52 by "mach5one" with MS VC++ 15.9 (VS2017)

END.
